<?xml version="1.0" encoding="UTF-8"?>
<!-- Generated by org.testng.reporters.JUnitReportReporter -->
<testsuite hostname="XIN009OLAB14917" name="com.ctli.it.mobiletestcase.Ghost_MobileScenario" tests="1" failures="0" timestamp="30 Aug 2017 18:26:07 GMT" time="278.550" errors="1">
  <testcase name="Mobile_Scenario" time="278.550" classname="com.ctli.it.mobiletestcase.Ghost_MobileScenario">
    <error type="java.lang.AssertionError" message="unable to click by java script">
      <![CDATA[java.lang.AssertionError: unable to click by java script
	at org.testng.Assert.fail(Assert.java:94)
	at com.ctli.it.lib.MobileBaseClass.jsClick(MobileBaseClass.java:539)
	at com.ctli.it.mobilepage.Ghost_MobHomepage.completescenario(Ghost_MobHomepage.java:100)
	at com.ctli.it.mobiletestcase.Ghost_MobileScenario.Mobile_Scenario(Ghost_MobileScenario.java:18)
	at sun.reflect.NativeMethodAccessorImpl.invoke0(Native Method)
	at sun.reflect.NativeMethodAccessorImpl.invoke(NativeMethodAccessorImpl.java:62)
	at sun.reflect.DelegatingMethodAccessorImpl.invoke(DelegatingMethodAccessorImpl.java:43)
	at java.lang.reflect.Method.invoke(Method.java:483)
	at org.testng.internal.MethodInvocationHelper.invokeMethod(MethodInvocationHelper.java:80)
	at org.testng.internal.Invoker.invokeMethod(Invoker.java:714)
	at org.testng.internal.Invoker.invokeTestMethod(Invoker.java:901)
	at org.testng.internal.Invoker.invokeTestMethods(Invoker.java:1231)
	at org.testng.internal.TestMethodWorker.invokeTestMethods(TestMethodWorker.java:127)
	at org.testng.internal.TestMethodWorker.run(TestMethodWorker.java:111)
	at java.util.concurrent.ThreadPoolExecutor.runWorker(ThreadPoolExecutor.java:1142)
	at java.util.concurrent.ThreadPoolExecutor$Worker.run(ThreadPoolExecutor.java:617)
	at java.lang.Thread.run(Thread.java:745)
]]>
    </error>
  </testcase> <!-- Mobile_Scenario -->
</testsuite> <!-- com.ctli.it.mobiletestcase.Ghost_MobileScenario -->
