<?xml version="1.0" encoding="UTF-8"?>
<!-- Generated by org.testng.reporters.JUnitReportReporter -->
<testsuite hostname="XIN009OLAB14917" name="com.ctli.it.testcases.NaukiriTestCase2" tests="1" failures="0" timestamp="30 Aug 2017 16:07:48 GMT" time="156.796" errors="0">
  <testcase name="CVUpload" time="156.796" classname="com.ctli.it.testcases.NaukiriTestCase2"/>
</testsuite> <!-- com.ctli.it.testcases.NaukiriTestCase2 -->
