<?xml version="1.0" encoding="UTF-8"?>
<!-- Generated by org.testng.reporters.JUnitReportReporter -->
<testsuite hostname="XIN009OLAB14917" name="com.ctli.it.testcases.Ghost_webTC4" tests="1" failures="0" timestamp="30 Aug 2017 09:20:12 GMT" time="401.182" errors="0">
  <testcase name="Webtc" time="401.182" classname="com.ctli.it.testcases.Ghost_webTC4"/>
</testsuite> <!-- com.ctli.it.testcases.Ghost_webTC4 -->
