<?xml version="1.0" encoding="UTF-8"?>
<!-- Generated by org.testng.reporters.JUnitReportReporter -->
<testsuite hostname="XIN009OLAB14917" name="com.ctli.it.mobiletestcase.Ghost_mobileTC" tests="1" failures="0" timestamp="30 Aug 2017 16:07:48 GMT" time="49.118" errors="0">
  <testcase name="mobiletc" time="49.118" classname="com.ctli.it.mobiletestcase.Ghost_mobileTC"/>
</testsuite> <!-- com.ctli.it.mobiletestcase.Ghost_mobileTC -->
