<?xml version="1.0" encoding="UTF-8"?>
<!-- Generated by org.testng.reporters.JUnitReportReporter -->
<testsuite hostname="XIN009OLAB14917" name="com.ctli.it.testcases.Ghost_WebScenario2" tests="1" failures="0" timestamp="30 Aug 2017 18:14:54 GMT" time="122.464" errors="0">
  <testcase name="WebPage_Scenario" time="122.464" classname="com.ctli.it.testcases.Ghost_WebScenario2"/>
</testsuite> <!-- com.ctli.it.testcases.Ghost_WebScenario2 -->
